<?xml version="1.0" encoding="UTF-8"?>
<!-- Generated by org.testng.reporters.JUnitReportReporter -->
<testsuite hostname="LAPTOP-52NJGNB2" failures="0" tests="2" name="tests.GetAPITest" time="0.764" errors="0" timestamp="2023-07-11T01:14:07 PYT" skipped="0">
  <testcase classname="tests.GetAPITest" name="getAPITestWithHeaders" time="0.607"/>
  <testcase classname="tests.GetAPITest" name="getAPITestWithoutHeader" time="0.157"/>
</testsuite> <!-- tests.GetAPITest -->
