<?xml version="1.0" encoding="UTF-8"?>
<!-- Generated by org.testng.reporters.JUnitReportReporter -->
<testsuite hostname="LAPTOP-52NJGNB2" failures="0" tests="1" name="tests.PostAPITest" time="1.005" errors="0" timestamp="2023-07-11T01:50:22 PYT" skipped="0">
  <testcase classname="tests.PostAPITest" name="postAPITest" time="1.005"/>
</testsuite> <!-- tests.PostAPITest -->
